[0604/115813.064:ERROR:process_memory_win.cc(73)] ReadMemory at 0x7ff7f5210000 of 64 bytes failed: Only part of a ReadProcessMemory or WriteProcessMemory request was completed. (0x12B)
[0604/115814.241:WARNING:pe_image_reader.cc(340)] could not read dos header from C:\Program Files (x86)\Google\Chrome\Application\chrome.exe
[0604/115814.241:ERROR:process_memory_win.cc(73)] ReadMemory at 0x7ffdf4c00000 of 64 bytes failed: Only part of a ReadProcessMemory or WriteProcessMemory request was completed. (0x12B)
[0604/115814.242:WARNING:pe_image_reader.cc(340)] could not read dos header from C:\Windows\SYSTEM32\ntdll.dll
[0604/115814.242:ERROR:process_memory_win.cc(73)] ReadMemory at 0x7ffdf4a60000 of 64 bytes failed: Only part of a ReadProcessMemory or WriteProcessMemory request was completed. (0x12B)
[0604/115814.243:WARNING:pe_image_reader.cc(340)] could not read dos header from C:\Windows\system32\KERNEL32.dll
[0604/115814.244:ERROR:process_memory_win.cc(73)] ReadMemory at 0x7ffdf2170000 of 64 bytes failed: Only part of a ReadProcessMemory or WriteProcessMemory request was completed. (0x12B)
[0604/115814.244:WARNING:pe_image_reader.cc(340)] could not read dos header from C:\Windows\system32\KERNELBASE.dll
[0604/115814.244:ERROR:process_memory_win.cc(73)] ReadMemory at 0x7ffdcea70000 of 64 bytes failed: Only part of a ReadProcessMemory or WriteProcessMemory request was completed. (0x12B)
[0604/115814.245:WARNING:pe_image_reader.cc(340)] could not read dos header from C:\Program Files (x86)\Google\Chrome\Application\81.0.4044.129\chrome_elf.dll
[0604/115814.245:ERROR:process_memory_win.cc(73)] ReadMemory at 0x7ffdeaeb0000 of 64 bytes failed: Only part of a ReadProcessMemory or WriteProcessMemory request was completed. (0x12B)
[0604/115814.245:WARNING:pe_image_reader.cc(340)] could not read dos header from C:\Windows\SYSTEM32\VERSION.dll
[0604/115814.245:ERROR:process_memory_win.cc(73)] ReadMemory at 0x7ffdf2520000 of 64 bytes failed: Only part of a ReadProcessMemory or WriteProcessMemory request was completed. (0x12B)
[0604/115814.248:WARNING:pe_image_reader.cc(340)] could not read dos header from C:\Windows\system32\msvcrt.dll
[0604/115814.249:ERROR:process_memory_win.cc(73)] ReadMemory at 0x7ffdf4740000 of 64 bytes failed: Only part of a ReadProcessMemory or WriteProcessMemory request was completed. (0x12B)
[0604/115814.249:WARNING:pe_image_reader.cc(340)] could not read dos header from C:\Windows\system32\ADVAPI32.dll
[0604/115814.249:ERROR:process_memory_win.cc(73)] ReadMemory at 0x7ffdf2a00000 of 64 bytes failed: Only part of a ReadProcessMemory or WriteProcessMemory request was completed. (0x12B)
[0604/115814.249:WARNING:pe_image_reader.cc(340)] could not read dos header from C:\Windows\SYSTEM32\sechost.dll
[0604/115814.250:ERROR:process_memory_win.cc(73)] ReadMemory at 0x7ffdf4600000 of 64 bytes failed: Only part of a ReadProcessMemory or WriteProcessMemory request was completed. (0x12B)
[0604/115814.250:WARNING:pe_image_reader.cc(340)] could not read dos header from C:\Windows\system32\RPCRT4.dll
[0604/115814.250:ERROR:process_memory_win.cc(73)] ReadMemory at 0x7ffdf2140000 of 64 bytes failed: Only part of a ReadProcessMemory or WriteProcessMemory request was completed. (0x12B)
[0604/115814.251:WARNING:pe_image_reader.cc(340)] could not read dos header from C:\Windows\system32\SspiCli.dll
[0604/115814.251:ERROR:process_memory_win.cc(73)] ReadMemory at 0x77d59c0000 of 64 bytes failed: Only part of a ReadProcessMemory or WriteProcessMemory request was completed. (0x12B)
[0604/115814.251:WARNING:pe_image_reader.cc(340)] could not read dos header from C:\Program Files (x86)\Google\Chrome\Application\81.0.4044.129\chrome.dll
[0604/115814.252:ERROR:process_memory_win.cc(73)] ReadMemory at 0x7ffdf24c0000 of 64 bytes failed: Only part of a ReadProcessMemory or WriteProcessMemory request was completed. (0x12B)
[0604/115814.252:WARNING:pe_image_reader.cc(340)] could not read dos header from C:\Windows\system32\WS2_32.dll
[0604/115814.252:ERROR:process_memory_win.cc(73)] ReadMemory at 0x7ffdec320000 of 64 bytes failed: Only part of a ReadProcessMemory or WriteProcessMemory request was completed. (0x12B)
[0604/115814.253:WARNING:pe_image_reader.cc(340)] could not read dos header from C:\Windows\SYSTEM32\IPHLPAPI.DLL
[0604/115814.253:ERROR:process_memory_win.cc(73)] ReadMemory at 0x7ffdf4800000 of 64 bytes failed: Only part of a ReadProcessMemory or WriteProcessMemory request was completed. (0x12B)
[0604/115814.253:WARNING:pe_image_reader.cc(340)] could not read dos header from C:\Windows\system32\OLEAUT32.dll
[0604/115814.254:ERROR:process_memory_win.cc(73)] ReadMemory at 0x7ffde5110000 of 64 bytes failed: Only part of a ReadProcessMemory or WriteProcessMemory request was completed. (0x12B)
[0604/115814.254:WARNING:pe_image_reader.cc(340)] could not read dos header from C:\Windows\SYSTEM32\WINMM.dll
[0604/115814.254:ERROR:process_memory_win.cc(73)] ReadMemory at 0x7ffdeabb0000 of 64 bytes failed: Only part of a ReadProcessMemory or WriteProcessMemory request was completed. (0x12B)
[0604/115814.254:WARNING:pe_image_reader.cc(340)] could not read dos header from C:\Windows\SYSTEM32\Secur32.dll
[0604/115814.255:ERROR:process_memory_win.cc(73)] ReadMemory at 0x7ffdf12f0000 of 64 bytes failed: Only part of a ReadProcessMemory or WriteProcessMemory request was completed. (0x12B)
[0604/115814.255:WARNING:pe_image_reader.cc(340)] could not read dos header from C:\Windows\SYSTEM32\USERENV.dll
[0604/115814.255:ERROR:process_memory_win.cc(73)] ReadMemory at 0x7ffdf2090000 of 64 bytes failed: Only part of a ReadProcessMemory or WriteProcessMemory request was completed. (0x12B)
[0604/115814.256:WARNING:pe_image_reader.cc(340)] could not read dos header from C:\Windows\system32\WINTRUST.dll
[0604/115814.256:ERROR:process_memory_win.cc(73)] ReadMemory at 0x7ffdea6f0000 of 64 bytes failed: Only part of a ReadProcessMemory or WriteProcessMemory request was completed. (0x12B)
[0604/115814.256:WARNING:pe_image_reader.cc(340)] could not read dos header from C:\Windows\SYSTEM32\UIAutomationCore.DLL
[0604/115814.256:ERROR:process_memory_win.cc(73)] ReadMemory at 0x7ffdf1eb0000 of 64 bytes failed: Only part of a ReadProcessMemory or WriteProcessMemory request was completed. (0x12B)
[0604/115814.257:WARNING:pe_image_reader.cc(340)] could not read dos header from C:\Windows\system32\CRYPT32.dll
[0604/115814.257:ERROR:process_memory_win.cc(73)] ReadMemory at 0x7ffdeda30000 of 64 bytes failed: Only part of a ReadProcessMemory or WriteProcessMemory request was completed. (0x12B)
[0604/115814.257:WARNING:pe_image_reader.cc(340)] could not read dos header from C:\Windows\SYSTEM32\DWrite.dll
[0604/115814.258:ERROR:process_memory_win.cc(73)] ReadMemory at 0x7ffddcdf0000 of 64 bytes failed: Only part of a ReadProcessMemory or WriteProcessMemory request was completed. (0x12B)
[0604/115814.258:WARNING:pe_image_reader.cc(340)] could not read dos header from C:\Windows\SYSTEM32\WINSPOOL.DRV
[0604/115814.258:ERROR:process_memory_win.cc(73)] ReadMemory at 0x7ffdea2d0000 of 64 bytes failed: Only part of a ReadProcessMemory or WriteProcessMemory request was completed. (0x12B)
[0604/115814.258:WARNING:pe_image_reader.cc(340)] could not read dos header from C:\Windows\SYSTEM32\dbghelp.dll
[0604/115814.259:ERROR:process_memory_win.cc(73)] ReadMemory at 0x7ffdeb050000 of 64 bytes failed: Only part of a ReadProcessMemory or WriteProcessMemory request was completed. (0x12B)
[0604/115814.259:WARNING:pe_image_reader.cc(340)] could not read dos header from C:\Windows\SYSTEM32\WINHTTP.dll
[0604/115814.259:ERROR:process_memory_win.cc(73)] ReadMemory at 0x7ffdebfd0000 of 64 bytes failed: Only part of a ReadProcessMemory or WriteProcessMemory request was completed. (0x12B)
[0604/115814.260:WARNING:pe_image_reader.cc(340)] could not read dos header from C:\Windows\SYSTEM32\dhcpcsvc.DLL
[0604/115814.260:ERROR:process_memory_win.cc(73)] ReadMemory at 0x7ffdf45f0000 of 64 bytes failed: Only part of a ReadProcessMemory or WriteProcessMemory request was completed. (0x12B)
[0604/115814.260:WARNING:pe_image_reader.cc(340)] could not read dos header from C:\Windows\system32\NSI.dll
[0604/115814.261:ERROR:process_memory_win.cc(73)] ReadMemory at 0x7ffdec300000 of 64 bytes failed: Only part of a ReadProcessMemory or WriteProcessMemory request was completed. (0x12B)
[0604/115814.262:WARNING:pe_image_reader.cc(340)] could not read dos header from C:\Windows\SYSTEM32\WINNSI.DLL
[0604/115814.263:ERROR:process_memory_win.cc(73)] ReadMemory at 0x7ffdf2290000 of 64 bytes failed: Only part of a ReadProcessMemory or WriteProcessMemory request was completed. (0x12B)
[0604/115814.263:WARNING:pe_image_reader.cc(340)] could not read dos header from C:\Windows\system32\combase.dll
[0604/115814.263:ERROR:process_memory_win.cc(73)] ReadMemory at 0x7ffde45f0000 of 64 bytes failed: Only part of a ReadProcessMemory or WriteProcessMemory request was completed. (0x12B)
[0604/115814.264:WARNING:pe_image_reader.cc(340)] could not read dos header from C:\Windows\SYSTEM32\WINMMBASE.dll
[0604/115814.264:ERROR:process_memory_win.cc(73)] ReadMemory at 0x7ffdf4470000 of 64 bytes failed: Only part of a ReadProcessMemory or WriteProcessMemory request was completed. (0x12B)
[0604/115814.264:WARNING:pe_image_reader.cc(340)] could not read dos header from C:\Windows\system32\USER32.dll
[0604/115814.265:ERROR:process_memory_win.cc(73)] ReadMemory at 0x7ffdf1d30000 of 64 bytes failed: Only part of a ReadProcessMemory or WriteProcessMemory request was completed. (0x12B)
[0604/115814.265:WARNING:pe_image_reader.cc(340)] could not read dos header from C:\Windows\SYSTEM32\profapi.dll
[0604/115814.265:ERROR:process_memory_win.cc(73)] ReadMemory at 0x7ffdf1de0000 of 64 bytes failed: Only part of a ReadProcessMemory or WriteProcessMemory request was completed. (0x12B)
[0604/115814.265:WARNING:pe_image_reader.cc(340)] could not read dos header from C:\Windows\system32\MSASN1.dll
[0604/115814.266:ERROR:process_memory_win.cc(73)] ReadMemory at 0x7ffdf20f0000 of 64 bytes failed: Only part of a ReadProcessMemory or WriteProcessMemory request was completed. (0x12B)
[0604/115814.266:WARNING:pe_image_reader.cc(340)] could not read dos header from C:\Windows\SYSTEM32\cfgmgr32.dll
[0604/115814.266:ERROR:process_memory_win.cc(73)] ReadMemory at 0x7ffdf0b50000 of 64 bytes failed: Only part of a ReadProcessMemory or WriteProcessMemory request was completed. (0x12B)
[0604/115814.267:WARNING:pe_image_reader.cc(340)] could not read dos header from C:\Windows\SYSTEM32\DEVOBJ.dll
[0604/115814.267:ERROR:process_memory_win.cc(73)] ReadMemory at 0x7ffdf48d0000 of 64 bytes failed: Only part of a ReadProcessMemory or WriteProcessMemory request was completed. (0x12B)
[0604/115814.267:WARNING:pe_image_reader.cc(340)] could not read dos header from C:\Windows\system32\GDI32.dll
[0604/115814.267:ERROR:process_memory_win.cc(73)] ReadMemory at 0x77d54a0000 of 64 bytes failed: Only part of a ReadProcessMemory or WriteProcessMemory request was completed. (0x12B)
[0604/115814.268:WARNING:pe_image_reader.cc(340)] could not read dos header from C:\Windows\system32\IMM32.DLL
[0604/115814.268:ERROR:process_memory_win.cc(73)] ReadMemory at 0x7ffdf2700000 of 64 bytes failed: Only part of a ReadProcessMemory or WriteProcessMemory request was completed. (0x12B)
[0604/115814.268:WARNING:pe_image_reader.cc(340)] could not read dos header from C:\Windows\system32\MSCTF.dll
[0604/115814.269:ERROR:process_memory_win.cc(73)] ReadMemory at 0x7ffdf2860000 of 64 bytes failed: Only part of a ReadProcessMemory or WriteProcessMemory request was completed. (0x12B)
[0604/115814.269:WARNING:pe_image_reader.cc(340)] could not read dos header from C:\Windows\system32\ole32.dll
[0604/115814.269:ERROR:process_memory_win.cc(73)] ReadMemory at 0x7ffdf1ba0000 of 64 bytes failed: Only part of a ReadProcessMemory or WriteProcessMemory request was completed. (0x12B)
[0604/115814.269:WARNING:pe_image_reader.cc(340)] could not read dos header from C:\Windows\SYSTEM32\CRYPTBASE.DLL
[0604/115814.270:ERROR:process_memory_win.cc(73)] ReadMemory at 0x7ffdf1b30000 of 64 bytes failed: Only part of a ReadProcessMemory or WriteProcessMemory request was completed. (0x12B)
[0604/115814.270:WARNING:pe_image_reader.cc(340)] could not read dos header from C:\Windows\SYSTEM32\bcryptPrimitives.dll
[0604/115815.041:ERROR:process_memory_win.cc(73)] ReadMemory at 0x7ff7f5210000 of 64 bytes failed: Only part of a ReadProcessMemory or WriteProcessMemory request was completed. (0x12B)
[0604/115815.041:WARNING:pe_image_reader.cc(340)] could not read dos header from C:\Program Files (x86)\Google\Chrome\Application\chrome.exe
[0604/115815.042:ERROR:process_memory_win.cc(73)] ReadMemory at 0x7ffdf4c00000 of 64 bytes failed: Only part of a ReadProcessMemory or WriteProcessMemory request was completed. (0x12B)
[0604/115815.042:WARNING:pe_image_reader.cc(340)] could not read dos header from C:\Windows\SYSTEM32\ntdll.dll
[0604/115815.042:ERROR:process_memory_win.cc(73)] ReadMemory at 0x7ffdf4a60000 of 64 bytes failed: Only part of a ReadProcessMemory or WriteProcessMemory request was completed. (0x12B)
[0604/115815.042:WARNING:pe_image_reader.cc(340)] could not read dos header from C:\Windows\system32\KERNEL32.dll
[0604/115815.043:ERROR:process_memory_win.cc(73)] ReadMemory at 0x7ffdf2170000 of 64 bytes failed: Only part of a ReadProcessMemory or WriteProcessMemory request was completed. (0x12B)
[0604/115815.043:WARNING:pe_image_reader.cc(340)] could not read dos header from C:\Windows\system32\KERNELBASE.dll
[0604/115815.043:ERROR:process_memory_win.cc(73)] ReadMemory at 0x7ffdcea70000 of 64 bytes failed: Only part of a ReadProcessMemory or WriteProcessMemory request was completed. (0x12B)
[0604/115815.044:WARNING:pe_image_reader.cc(340)] could not read dos header from C:\Program Files (x86)\Google\Chrome\Application\81.0.4044.129\chrome_elf.dll
[0604/115815.044:ERROR:process_memory_win.cc(73)] ReadMemory at 0x7ffdeaeb0000 of 64 bytes failed: Only part of a ReadProcessMemory or WriteProcessMemory request was completed. (0x12B)
[0604/115815.044:WARNING:pe_image_reader.cc(340)] could not read dos header from C:\Windows\SYSTEM32\VERSION.dll
[0604/115815.045:ERROR:process_memory_win.cc(73)] ReadMemory at 0x7ffdf2520000 of 64 bytes failed: Only part of a ReadProcessMemory or WriteProcessMemory request was completed. (0x12B)
[0604/115815.045:WARNING:pe_image_reader.cc(340)] could not read dos header from C:\Windows\system32\msvcrt.dll
[0604/115815.045:ERROR:process_memory_win.cc(73)] ReadMemory at 0x7ffdf4740000 of 64 bytes failed: Only part of a ReadProcessMemory or WriteProcessMemory request was completed. (0x12B)
[0604/115815.045:WARNING:pe_image_reader.cc(340)] could not read dos header from C:\Windows\system32\ADVAPI32.dll
[0604/115815.048:ERROR:process_memory_win.cc(73)] ReadMemory at 0x7ffdf2a00000 of 64 bytes failed: Only part of a ReadProcessMemory or WriteProcessMemory request was completed. (0x12B)
[0604/115815.048:WARNING:pe_image_reader.cc(340)] could not read dos header from C:\Windows\SYSTEM32\sechost.dll
[0604/115815.049:ERROR:process_memory_win.cc(73)] ReadMemory at 0x7ffdf4600000 of 64 bytes failed: Only part of a ReadProcessMemory or WriteProcessMemory request was completed. (0x12B)
[0604/115815.049:WARNING:pe_image_reader.cc(340)] could not read dos header from C:\Windows\system32\RPCRT4.dll
[0604/115815.049:ERROR:process_memory_win.cc(73)] ReadMemory at 0x7ffdf2140000 of 64 bytes failed: Only part of a ReadProcessMemory or WriteProcessMemory request was completed. (0x12B)
[0604/115815.050:WARNING:pe_image_reader.cc(340)] could not read dos header from C:\Windows\system32\SspiCli.dll
[0604/115815.050:ERROR:process_memory_win.cc(73)] ReadMemory at 0x77d59c0000 of 64 bytes failed: Only part of a ReadProcessMemory or WriteProcessMemory request was completed. (0x12B)
[0604/115815.050:WARNING:pe_image_reader.cc(340)] could not read dos header from C:\Program Files (x86)\Google\Chrome\Application\81.0.4044.129\chrome.dll
[0604/115815.050:ERROR:process_memory_win.cc(73)] ReadMemory at 0x7ffdf24c0000 of 64 bytes failed: Only part of a ReadProcessMemory or WriteProcessMemory request was completed. (0x12B)
[0604/115815.051:WARNING:pe_image_reader.cc(340)] could not read dos header from C:\Windows\system32\WS2_32.dll
[0604/115815.051:ERROR:process_memory_win.cc(73)] ReadMemory at 0x7ffdec320000 of 64 bytes failed: Only part of a ReadProcessMemory or WriteProcessMemory request was completed. (0x12B)
[0604/115815.053:WARNING:pe_image_reader.cc(340)] could not read dos header from C:\Windows\SYSTEM32\IPHLPAPI.DLL
[0604/115815.053:ERROR:process_memory_win.cc(73)] ReadMemory at 0x7ffdf4800000 of 64 bytes failed: Only part of a ReadProcessMemory or WriteProcessMemory request was completed. (0x12B)
[0604/115815.053:WARNING:pe_image_reader.cc(340)] could not read dos header from C:\Windows\system32\OLEAUT32.dll
[0604/115815.054:ERROR:process_memory_win.cc(73)] ReadMemory at 0x7ffde5110000 of 64 bytes failed: Only part of a ReadProcessMemory or WriteProcessMemory request was completed. (0x12B)
[0604/115815.054:WARNING:pe_image_reader.cc(340)] could not read dos header from C:\Windows\SYSTEM32\WINMM.dll
[0604/115815.054:ERROR:process_memory_win.cc(73)] ReadMemory at 0x7ffdeabb0000 of 64 bytes failed: Only part of a ReadProcessMemory or WriteProcessMemory request was completed. (0x12B)
[0604/115815.055:WARNING:pe_image_reader.cc(340)] could not read dos header from C:\Windows\SYSTEM32\Secur32.dll
[0604/115815.055:ERROR:process_memory_win.cc(73)] ReadMemory at 0x7ffdf12f0000 of 64 bytes failed: Only part of a ReadProcessMemory or WriteProcessMemory request was completed. (0x12B)
[0604/115815.055:WARNING:pe_image_reader.cc(340)] could not read dos header from C:\Windows\SYSTEM32\USERENV.dll
[0604/115815.055:ERROR:process_memory_win.cc(73)] ReadMemory at 0x7ffdf2090000 of 64 bytes failed: Only part of a ReadProcessMemory or WriteProcessMemory request was completed. (0x12B)
[0604/115815.056:WARNING:pe_image_reader.cc(340)] could not read dos header from C:\Windows\system32\WINTRUST.dll
[0604/115815.056:ERROR:process_memory_win.cc(73)] ReadMemory at 0x7ffdea6f0000 of 64 bytes failed: Only part of a ReadProcessMemory or WriteProcessMemory request was completed. (0x12B)
[0604/115815.056:WARNING:pe_image_reader.cc(340)] could not read dos header from C:\Windows\SYSTEM32\UIAutomationCore.DLL
[0604/115815.057:ERROR:process_memory_win.cc(73)] ReadMemory at 0x7ffdf1eb0000 of 64 bytes failed: Only part of a ReadProcessMemory or WriteProcessMemory request was completed. (0x12B)
[0604/115815.057:WARNING:pe_image_reader.cc(340)] could not read dos header from C:\Windows\system32\CRYPT32.dll
[0604/115815.057:ERROR:process_memory_win.cc(73)] ReadMemory at 0x7ffdeda30000 of 64 bytes failed: Only part of a ReadProcessMemory or WriteProcessMemory request was completed. (0x12B)
[0604/115815.057:WARNING:pe_image_reader.cc(340)] could not read dos header from C:\Windows\SYSTEM32\DWrite.dll
[0604/115815.059:ERROR:process_memory_win.cc(73)] ReadMemory at 0x7ffddcdf0000 of 64 bytes failed: Only part of a ReadProcessMemory or WriteProcessMemory request was completed. (0x12B)
[0604/115815.059:WARNING:pe_image_reader.cc(340)] could not read dos header from C:\Windows\SYSTEM32\WINSPOOL.DRV
[0604/115815.060:ERROR:process_memory_win.cc(73)] ReadMemory at 0x7ffdea2d0000 of 64 bytes failed: Only part of a ReadProcessMemory or WriteProcessMemory request was completed. (0x12B)
[0604/115815.060:WARNING:pe_image_reader.cc(340)] could not read dos header from C:\Windows\SYSTEM32\dbghelp.dll
[0604/115815.060:ERROR:process_memory_win.cc(73)] ReadMemory at 0x7ffdeb050000 of 64 bytes failed: Only part of a ReadProcessMemory or WriteProcessMemory request was completed. (0x12B)
[0604/115815.061:WARNING:pe_image_reader.cc(340)] could not read dos header from C:\Windows\SYSTEM32\WINHTTP.dll
[0604/115815.061:ERROR:process_memory_win.cc(73)] ReadMemory at 0x7ffdebfd0000 of 64 bytes failed: Only part of a ReadProcessMemory or WriteProcessMemory request was completed. (0x12B)
[0604/115815.061:WARNING:pe_image_reader.cc(340)] could not read dos header from C:\Windows\SYSTEM32\dhcpcsvc.DLL
[0604/115815.063:ERROR:process_memory_win.cc(73)] ReadMemory at 0x7ffdf45f0000 of 64 bytes failed: Only part of a ReadProcessMemory or WriteProcessMemory request was completed. (0x12B)
[0604/115815.063:WARNING:pe_image_reader.cc(340)] could not read dos header from C:\Windows\system32\NSI.dll
[0604/115815.065:ERROR:process_memory_win.cc(73)] ReadMemory at 0x7ffdec300000 of 64 bytes failed: Only part of a ReadProcessMemory or WriteProcessMemory request was completed. (0x12B)
[0604/115815.065:WARNING:pe_image_reader.cc(340)] could not read dos header from C:\Windows\SYSTEM32\WINNSI.DLL
[0604/115815.065:ERROR:process_memory_win.cc(73)] ReadMemory at 0x7ffdf2290000 of 64 bytes failed: Only part of a ReadProcessMemory or WriteProcessMemory request was completed. (0x12B)
[0604/115815.066:WARNING:pe_image_reader.cc(340)] could not read dos header from C:\Windows\system32\combase.dll
[0604/115815.066:ERROR:process_memory_win.cc(73)] ReadMemory at 0x7ffde45f0000 of 64 bytes failed: Only part of a ReadProcessMemory or WriteProcessMemory request was completed. (0x12B)
[0604/115815.066:WARNING:pe_image_reader.cc(340)] could not read dos header from C:\Windows\SYSTEM32\WINMMBASE.dll
[0604/115815.066:ERROR:process_memory_win.cc(73)] ReadMemory at 0x7ffdf4470000 of 64 bytes failed: Only part of a ReadProcessMemory or WriteProcessMemory request was completed. (0x12B)
[0604/115815.067:WARNING:pe_image_reader.cc(340)] could not read dos header from C:\Windows\system32\USER32.dll
[0604/115815.067:ERROR:process_memory_win.cc(73)] ReadMemory at 0x7ffdf1d30000 of 64 bytes failed: Only part of a ReadProcessMemory or WriteProcessMemory request was completed. (0x12B)
[0604/115815.067:WARNING:pe_image_reader.cc(340)] could not read dos header from C:\Windows\SYSTEM32\profapi.dll
[0604/115815.077:ERROR:process_memory_win.cc(73)] ReadMemory at 0x7ffdf1de0000 of 64 bytes failed: Only part of a ReadProcessMemory or WriteProcessMemory request was completed. (0x12B)
[0604/115815.085:WARNING:pe_image_reader.cc(340)] could not read dos header from C:\Windows\system32\MSASN1.dll
[0604/115815.087:ERROR:process_memory_win.cc(73)] ReadMemory at 0x7ffdf20f0000 of 64 bytes failed: Only part of a ReadProcessMemory or WriteProcessMemory request was completed. (0x12B)
[0604/115815.087:WARNING:pe_image_reader.cc(340)] could not read dos header from C:\Windows\SYSTEM32\cfgmgr32.dll
[0604/115815.087:ERROR:process_memory_win.cc(73)] ReadMemory at 0x7ffdf0b50000 of 64 bytes failed: Only part of a ReadProcessMemory or WriteProcessMemory request was completed. (0x12B)
[0604/115815.088:WARNING:pe_image_reader.cc(340)] could not read dos header from C:\Windows\SYSTEM32\DEVOBJ.dll
[0604/115815.088:ERROR:process_memory_win.cc(73)] ReadMemory at 0x7ffdf48d0000 of 64 bytes failed: Only part of a ReadProcessMemory or WriteProcessMemory request was completed. (0x12B)
[0604/115815.088:WARNING:pe_image_reader.cc(340)] could not read dos header from C:\Windows\system32\GDI32.dll
[0604/115815.090:ERROR:process_memory_win.cc(73)] ReadMemory at 0x77d54a0000 of 64 bytes failed: Only part of a ReadProcessMemory or WriteProcessMemory request was completed. (0x12B)
[0604/115815.090:WARNING:pe_image_reader.cc(340)] could not read dos header from C:\Windows\system32\IMM32.DLL
[0604/115815.091:ERROR:process_memory_win.cc(73)] ReadMemory at 0x7ffdf2700000 of 64 bytes failed: Only part of a ReadProcessMemory or WriteProcessMemory request was completed. (0x12B)
[0604/115815.091:WARNING:pe_image_reader.cc(340)] could not read dos header from C:\Windows\system32\MSCTF.dll
[0604/115815.091:ERROR:process_memory_win.cc(73)] ReadMemory at 0x7ffdf2860000 of 64 bytes failed: Only part of a ReadProcessMemory or WriteProcessMemory request was completed. (0x12B)
[0604/115815.092:WARNING:pe_image_reader.cc(340)] could not read dos header from C:\Windows\system32\ole32.dll
[0604/115815.092:ERROR:process_memory_win.cc(73)] ReadMemory at 0x7ffdf1ba0000 of 64 bytes failed: Only part of a ReadProcessMemory or WriteProcessMemory request was completed. (0x12B)
[0604/115815.092:WARNING:pe_image_reader.cc(340)] could not read dos header from C:\Windows\SYSTEM32\CRYPTBASE.DLL
[0604/115815.093:ERROR:process_memory_win.cc(73)] ReadMemory at 0x7ffdf1b30000 of 64 bytes failed: Only part of a ReadProcessMemory or WriteProcessMemory request was completed. (0x12B)
[0604/115815.093:WARNING:pe_image_reader.cc(340)] could not read dos header from C:\Windows\SYSTEM32\bcryptPrimitives.dll
[0604/115815.094:ERROR:process_memory_win.cc(73)] ReadMemory at 0x7ff7f5210000 of 64 bytes failed: Only part of a ReadProcessMemory or WriteProcessMemory request was completed. (0x12B)
[0604/115815.094:WARNING:pe_image_reader.cc(340)] could not read dos header from C:\Program Files (x86)\Google\Chrome\Application\chrome.exe
[0604/115815.095:ERROR:process_memory_win.cc(73)] ReadMemory at 0x7ffdf4c00000 of 64 bytes failed: Only part of a ReadProcessMemory or WriteProcessMemory request was completed. (0x12B)
[0604/115815.095:WARNING:pe_image_reader.cc(340)] could not read dos header from C:\Windows\SYSTEM32\ntdll.dll
[0604/115815.095:ERROR:process_memory_win.cc(73)] ReadMemory at 0x7ffdf4a60000 of 64 bytes failed: Only part of a ReadProcessMemory or WriteProcessMemory request was completed. (0x12B)
[0604/115815.096:WARNING:pe_image_reader.cc(340)] could not read dos header from C:\Windows\system32\KERNEL32.dll
[0604/115815.096:ERROR:process_memory_win.cc(73)] ReadMemory at 0x7ffdf2170000 of 64 bytes failed: Only part of a ReadProcessMemory or WriteProcessMemory request was completed. (0x12B)
[0604/115815.097:WARNING:pe_image_reader.cc(340)] could not read dos header from C:\Windows\system32\KERNELBASE.dll
[0604/115815.098:ERROR:process_memory_win.cc(73)] ReadMemory at 0x7ffdcea70000 of 64 bytes failed: Only part of a ReadProcessMemory or WriteProcessMemory request was completed. (0x12B)
[0604/115815.099:WARNING:pe_image_reader.cc(340)] could not read dos header from C:\Program Files (x86)\Google\Chrome\Application\81.0.4044.129\chrome_elf.dll
[0604/115815.099:ERROR:process_memory_win.cc(73)] ReadMemory at 0x7ffdeaeb0000 of 64 bytes failed: Only part of a ReadProcessMemory or WriteProcessMemory request was completed. (0x12B)
[0604/115815.099:WARNING:pe_image_reader.cc(340)] could not read dos header from C:\Windows\SYSTEM32\VERSION.dll
[0604/115815.100:ERROR:process_memory_win.cc(73)] ReadMemory at 0x7ffdf2520000 of 64 bytes failed: Only part of a ReadProcessMemory or WriteProcessMemory request was completed. (0x12B)
[0604/115815.100:WARNING:pe_image_reader.cc(340)] could not read dos header from C:\Windows\system32\msvcrt.dll
[0604/115815.100:ERROR:process_memory_win.cc(73)] ReadMemory at 0x7ffdf4740000 of 64 bytes failed: Only part of a ReadProcessMemory or WriteProcessMemory request was completed. (0x12B)
[0604/115815.101:WARNING:pe_image_reader.cc(340)] could not read dos header from C:\Windows\system32\ADVAPI32.dll
[0604/115815.101:ERROR:process_memory_win.cc(73)] ReadMemory at 0x7ffdf2a00000 of 64 bytes failed: Only part of a ReadProcessMemory or WriteProcessMemory request was completed. (0x12B)
[0604/115815.101:WARNING:pe_image_reader.cc(340)] could not read dos header from C:\Windows\SYSTEM32\sechost.dll
[0604/115815.102:ERROR:process_memory_win.cc(73)] ReadMemory at 0x7ffdf4600000 of 64 bytes failed: Only part of a ReadProcessMemory or WriteProcessMemory request was completed. (0x12B)
[0604/115815.102:WARNING:pe_image_reader.cc(340)] could not read dos header from C:\Windows\system32\RPCRT4.dll
[0604/115815.102:ERROR:process_memory_win.cc(73)] ReadMemory at 0x7ffdf2140000 of 64 bytes failed: Only part of a ReadProcessMemory or WriteProcessMemory request was completed. (0x12B)
[0604/115815.103:WARNING:pe_image_reader.cc(340)] could not read dos header from C:\Windows\system32\SspiCli.dll
[0604/115815.103:ERROR:process_memory_win.cc(73)] ReadMemory at 0x77d59c0000 of 64 bytes failed: Only part of a ReadProcessMemory or WriteProcessMemory request was completed. (0x12B)
[0604/115815.103:WARNING:pe_image_reader.cc(340)] could not read dos header from C:\Program Files (x86)\Google\Chrome\Application\81.0.4044.129\chrome.dll
[0604/115815.104:ERROR:process_memory_win.cc(73)] ReadMemory at 0x7ffdf24c0000 of 64 bytes failed: Only part of a ReadProcessMemory or WriteProcessMemory request was completed. (0x12B)
[0604/115815.105:WARNING:pe_image_reader.cc(340)] could not read dos header from C:\Windows\system32\WS2_32.dll
[0604/115815.105:ERROR:process_memory_win.cc(73)] ReadMemory at 0x7ffdec320000 of 64 bytes failed: Only part of a ReadProcessMemory or WriteProcessMemory request was completed. (0x12B)
[0604/115815.105:WARNING:pe_image_reader.cc(340)] could not read dos header from C:\Windows\SYSTEM32\IPHLPAPI.DLL
[0604/115815.106:ERROR:process_memory_win.cc(73)] ReadMemory at 0x7ffdf4800000 of 64 bytes failed: Only part of a ReadProcessMemory or WriteProcessMemory request was completed. (0x12B)
[0604/115815.106:WARNING:pe_image_reader.cc(340)] could not read dos header from C:\Windows\system32\OLEAUT32.dll
[0604/115815.106:ERROR:process_memory_win.cc(73)] ReadMemory at 0x7ffde5110000 of 64 bytes failed: Only part of a ReadProcessMemory or WriteProcessMemory request was completed. (0x12B)
[0604/115815.106:WARNING:pe_image_reader.cc(340)] could not read dos header from C:\Windows\SYSTEM32\WINMM.dll
[0604/115815.107:ERROR:process_memory_win.cc(73)] ReadMemory at 0x7ffdeabb0000 of 64 bytes failed: Only part of a ReadProcessMemory or WriteProcessMemory request was completed. (0x12B)
[0604/115815.107:WARNING:pe_image_reader.cc(340)] could not read dos header from C:\Windows\SYSTEM32\Secur32.dll
[0604/115815.107:ERROR:process_memory_win.cc(73)] ReadMemory at 0x7ffdf12f0000 of 64 bytes failed: Only part of a ReadProcessMemory or WriteProcessMemory request was completed. (0x12B)
[0604/115815.108:WARNING:pe_image_reader.cc(340)] could not read dos header from C:\Windows\SYSTEM32\USERENV.dll
[0604/115815.108:ERROR:process_memory_win.cc(73)] ReadMemory at 0x7ffdf2090000 of 64 bytes failed: Only part of a ReadProcessMemory or WriteProcessMemory request was completed. (0x12B)
[0604/115815.108:WARNING:pe_image_reader.cc(340)] could not read dos header from C:\Windows\system32\WINTRUST.dll
[0604/115815.109:ERROR:process_memory_win.cc(73)] ReadMemory at 0x7ffdea6f0000 of 64 bytes failed: Only part of a ReadProcessMemory or WriteProcessMemory request was completed. (0x12B)
[0604/115815.109:WARNING:pe_image_reader.cc(340)] could not read dos header from C:\Windows\SYSTEM32\UIAutomationCore.DLL
[0604/115815.109:ERROR:process_memory_win.cc(73)] ReadMemory at 0x7ffdf1eb0000 of 64 bytes failed: Only part of a ReadProcessMemory or WriteProcessMemory request was completed. (0x12B)
[0604/115815.110:WARNING:pe_image_reader.cc(340)] could not read dos header from C:\Windows\system32\CRYPT32.dll
[0604/115815.110:ERROR:process_memory_win.cc(73)] ReadMemory at 0x7ffdeda30000 of 64 bytes failed: Only part of a ReadProcessMemory or WriteProcessMemory request was completed. (0x12B)
[0604/115815.110:WARNING:pe_image_reader.cc(340)] could not read dos header from C:\Windows\SYSTEM32\DWrite.dll
[0604/115815.111:ERROR:process_memory_win.cc(73)] ReadMemory at 0x7ffddcdf0000 of 64 bytes failed: Only part of a ReadProcessMemory or WriteProcessMemory request was completed. (0x12B)
[0604/115815.111:WARNING:pe_image_reader.cc(340)] could not read dos header from C:\Windows\SYSTEM32\WINSPOOL.DRV
[0604/115815.111:ERROR:process_memory_win.cc(73)] ReadMemory at 0x7ffdea2d0000 of 64 bytes failed: Only part of a ReadProcessMemory or WriteProcessMemory request was completed. (0x12B)
[0604/115815.111:WARNING:pe_image_reader.cc(340)] could not read dos header from C:\Windows\SYSTEM32\dbghelp.dll
[0604/115815.112:ERROR:process_memory_win.cc(73)] ReadMemory at 0x7ffdeb050000 of 64 bytes failed: Only part of a ReadProcessMemory or WriteProcessMemory request was completed. (0x12B)
[0604/115815.112:WARNING:pe_image_reader.cc(340)] could not read dos header from C:\Windows\SYSTEM32\WINHTTP.dll
[0604/115815.113:ERROR:process_memory_win.cc(73)] ReadMemory at 0x7ffdebfd0000 of 64 bytes failed: Only part of a ReadProcessMemory or WriteProcessMemory request was completed. (0x12B)
[0604/115815.113:WARNING:pe_image_reader.cc(340)] could not read dos header from C:\Windows\SYSTEM32\dhcpcsvc.DLL
[0604/115815.113:ERROR:process_memory_win.cc(73)] ReadMemory at 0x7ffdf45f0000 of 64 bytes failed: Only part of a ReadProcessMemory or WriteProcessMemory request was completed. (0x12B)
[0604/115815.114:WARNING:pe_image_reader.cc(340)] could not read dos header from C:\Windows\system32\NSI.dll
[0604/115815.114:ERROR:process_memory_win.cc(73)] ReadMemory at 0x7ffdec300000 of 64 bytes failed: Only part of a ReadProcessMemory or WriteProcessMemory request was completed. (0x12B)
[0604/115815.115:WARNING:pe_image_reader.cc(340)] could not read dos header from C:\Windows\SYSTEM32\WINNSI.DLL
[0604/115815.115:ERROR:process_memory_win.cc(73)] ReadMemory at 0x7ffdf2290000 of 64 bytes failed: Only part of a ReadProcessMemory or WriteProcessMemory request was completed. (0x12B)
[0604/115815.115:WARNING:pe_image_reader.cc(340)] could not read dos header from C:\Windows\system32\combase.dll
[0604/115815.116:ERROR:process_memory_win.cc(73)] ReadMemory at 0x7ffde45f0000 of 64 bytes failed: Only part of a ReadProcessMemory or WriteProcessMemory request was completed. (0x12B)
[0604/115815.116:WARNING:pe_image_reader.cc(340)] could not read dos header from C:\Windows\SYSTEM32\WINMMBASE.dll
[0604/115815.116:ERROR:process_memory_win.cc(73)] ReadMemory at 0x7ffdf4470000 of 64 bytes failed: Only part of a ReadProcessMemory or WriteProcessMemory request was completed. (0x12B)
[0604/115815.117:WARNING:pe_image_reader.cc(340)] could not read dos header from C:\Windows\system32\USER32.dll
[0604/115815.118:ERROR:process_memory_win.cc(73)] ReadMemory at 0x7ffdf1d30000 of 64 bytes failed: Only part of a ReadProcessMemory or WriteProcessMemory request was completed. (0x12B)
[0604/115815.118:WARNING:pe_image_reader.cc(340)] could not read dos header from C:\Windows\SYSTEM32\profapi.dll
[0604/115815.119:ERROR:process_memory_win.cc(73)] ReadMemory at 0x7ffdf1de0000 of 64 bytes failed: Only part of a ReadProcessMemory or WriteProcessMemory request was completed. (0x12B)
[0604/115815.119:WARNING:pe_image_reader.cc(340)] could not read dos header from C:\Windows\system32\MSASN1.dll
[0604/115815.119:ERROR:process_memory_win.cc(73)] ReadMemory at 0x7ffdf20f0000 of 64 bytes failed: Only part of a ReadProcessMemory or WriteProcessMemory request was completed. (0x12B)
[0604/115815.120:WARNING:pe_image_reader.cc(340)] could not read dos header from C:\Windows\SYSTEM32\cfgmgr32.dll
[0604/115815.120:ERROR:process_memory_win.cc(73)] ReadMemory at 0x7ffdf0b50000 of 64 bytes failed: Only part of a ReadProcessMemory or WriteProcessMemory request was completed. (0x12B)
[0604/115815.120:WARNING:pe_image_reader.cc(340)] could not read dos header from C:\Windows\SYSTEM32\DEVOBJ.dll
[0604/115815.121:ERROR:process_memory_win.cc(73)] ReadMemory at 0x7ffdf48d0000 of 64 bytes failed: Only part of a ReadProcessMemory or WriteProcessMemory request was completed. (0x12B)
[0604/115815.122:WARNING:pe_image_reader.cc(340)] could not read dos header from C:\Windows\system32\GDI32.dll
[0604/115815.122:ERROR:process_memory_win.cc(73)] ReadMemory at 0x77d54a0000 of 64 bytes failed: Only part of a ReadProcessMemory or WriteProcessMemory request was completed. (0x12B)
[0604/115815.122:WARNING:pe_image_reader.cc(340)] could not read dos header from C:\Windows\system32\IMM32.DLL
[0604/115815.123:ERROR:process_memory_win.cc(73)] ReadMemory at 0x7ffdf2700000 of 64 bytes failed: Only part of a ReadProcessMemory or WriteProcessMemory request was completed. (0x12B)
[0604/115815.123:WARNING:pe_image_reader.cc(340)] could not read dos header from C:\Windows\system32\MSCTF.dll
[0604/115815.123:ERROR:process_memory_win.cc(73)] ReadMemory at 0x7ffdf2860000 of 64 bytes failed: Only part of a ReadProcessMemory or WriteProcessMemory request was completed. (0x12B)
[0604/115815.124:WARNING:pe_image_reader.cc(340)] could not read dos header from C:\Windows\system32\ole32.dll
[0604/115815.124:ERROR:process_memory_win.cc(73)] ReadMemory at 0x7ffdf1ba0000 of 64 bytes failed: Only part of a ReadProcessMemory or WriteProcessMemory request was completed. (0x12B)
[0604/115815.124:WARNING:pe_image_reader.cc(340)] could not read dos header from C:\Windows\SYSTEM32\CRYPTBASE.DLL
[0604/115815.125:ERROR:process_memory_win.cc(73)] ReadMemory at 0x7ffdf1b30000 of 64 bytes failed: Only part of a ReadProcessMemory or WriteProcessMemory request was completed. (0x12B)
[0604/115815.125:WARNING:pe_image_reader.cc(340)] could not read dos header from C:\Windows\SYSTEM32\bcryptPrimitives.dll
[0604/115815.865:ERROR:process_memory_win.cc(73)] ReadMemory at 0x77d5219000 of 94208 bytes failed: Only part of a ReadProcessMemory or WriteProcessMemory request was completed. (0x12B)
[0604/115815.866:ERROR:process_memory_win.cc(73)] ReadMemory at 0x77df5dd000 of 12288 bytes failed: Only part of a ReadProcessMemory or WriteProcessMemory request was completed. (0x12B)
[0604/115815.867:ERROR:process_memory_win.cc(73)] ReadMemory at 0x77e05dd000 of 12288 bytes failed: Only part of a ReadProcessMemory or WriteProcessMemory request was completed. (0x12B)
[0604/115815.867:ERROR:process_memory_win.cc(73)] ReadMemory at 0x77e0ddb000 of 20480 bytes failed: Only part of a ReadProcessMemory or WriteProcessMemory request was completed. (0x12B)
[0604/115815.868:ERROR:process_memory_win.cc(73)] ReadMemory at 0x77e15df000 of 4096 bytes failed: Only part of a ReadProcessMemory or WriteProcessMemory request was completed. (0x12B)
[0604/115815.868:ERROR:process_memory_win.cc(73)] ReadMemory at 0x77e1ddd000 of 12288 bytes failed: Only part of a ReadProcessMemory or WriteProcessMemory request was completed. (0x12B)
[0604/115815.869:ERROR:process_memory_win.cc(73)] ReadMemory at 0x77e27db000 of 20480 bytes failed: Only part of a ReadProcessMemory or WriteProcessMemory request was completed. (0x12B)
[0604/115815.870:ERROR:process_memory_win.cc(73)] ReadMemory at 0x77e2fdd000 of 12288 bytes failed: Only part of a ReadProcessMemory or WriteProcessMemory request was completed. (0x12B)
[0604/115815.871:ERROR:process_memory_win.cc(73)] ReadMemory at 0x77e39d5000 of 45056 bytes failed: Only part of a ReadProcessMemory or WriteProcessMemory request was completed. (0x12B)
[0604/115815.872:ERROR:process_memory_win.cc(73)] ReadMemory at 0x77e41dd000 of 12288 bytes failed: Only part of a ReadProcessMemory or WriteProcessMemory request was completed. (0x12B)
[0604/115815.873:ERROR:process_memory_win.cc(73)] ReadMemory at 0x77dfddd000 of 12288 bytes failed: Only part of a ReadProcessMemory or WriteProcessMemory request was completed. (0x12B)
[0604/115815.873:ERROR:process_memory_win.cc(73)] ReadMemory at 0x77e5fbc000 of 16384 bytes failed: Only part of a ReadProcessMemory or WriteProcessMemory request was completed. (0x12B)
[0604/115815.874:ERROR:process_memory_win.cc(73)] ReadMemory at 0x77e67bc000 of 16384 bytes failed: Only part of a ReadProcessMemory or WriteProcessMemory request was completed. (0x12B)
[0604/115815.875:ERROR:process_memory_win.cc(73)] ReadMemory at 0x77e9d48000 of 32768 bytes failed: Only part of a ReadProcessMemory or WriteProcessMemory request was completed. (0x12B)
[0604/115815.876:ERROR:process_memory_win.cc(73)] ReadMemory at 0x77ec4ed000 of 12288 bytes failed: Only part of a ReadProcessMemory or WriteProcessMemory request was completed. (0x12B)
[0604/115815.877:ERROR:process_memory_win.cc(73)] ReadMemory at 0x77eccee000 of 8192 bytes failed: Only part of a ReadProcessMemory or WriteProcessMemory request was completed. (0x12B)
[0604/115815.877:ERROR:process_memory_win.cc(73)] ReadMemory at 0x77d52c0860 of 19592 bytes failed: Only part of a ReadProcessMemory or WriteProcessMemory request was completed. (0x12B)
[0604/115816.059:ERROR:process_memory_win.cc(73)] ReadMemory at 0x77d52c54f0 of 1012 bytes failed: Only part of a ReadProcessMemory or WriteProcessMemory request was completed. (0x12B)
[0604/115816.060:ERROR:process_memory_win.cc(73)] ReadMemory at 0x77d52c5b08 of 118 bytes failed: Only part of a ReadProcessMemory or WriteProcessMemory request was completed. (0x12B)
[0604/115816.061:ERROR:process_memory_win.cc(73)] ReadMemory at 0x77d52c5b80 of 676 bytes failed: Only part of a ReadProcessMemory or WriteProcessMemory request was completed. (0x12B)
[0604/115816.061:ERROR:process_memory_win.cc(73)] ReadMemory at 0x77d52c5e26 of 118 bytes failed: Only part of a ReadProcessMemory or WriteProcessMemory request was completed. (0x12B)
[0604/115816.062:ERROR:process_memory_win.cc(73)] ReadMemory at 0x77d52c5e9e of 96 bytes failed: Only part of a ReadProcessMemory or WriteProcessMemory request was completed. (0x12B)
[0604/115816.063:ERROR:process_memory_win.cc(73)] ReadMemory at 0x77d52c5f10 of 58 bytes failed: Only part of a ReadProcessMemory or WriteProcessMemory request was completed. (0x12B)
[0604/115816.064:ERROR:process_memory_win.cc(73)] ReadMemory at 0x77d52c6010 of 132 bytes failed: Only part of a ReadProcessMemory or WriteProcessMemory request was completed. (0x12B)
[0604/115816.092:ERROR:process_memory_win.cc(73)] ReadMemory at 0x77d52c6190 of 132 bytes failed: Only part of a ReadProcessMemory or WriteProcessMemory request was completed. (0x12B)
[0604/115816.093:ERROR:process_memory_win.cc(73)] ReadMemory at 0x77d52c63a0 of 126 bytes failed: Only part of a ReadProcessMemory or WriteProcessMemory request was completed. (0x12B)
[0604/115816.094:ERROR:process_memory_win.cc(73)] ReadMemory at 0x77d52c6af0 of 64 bytes failed: Only part of a ReadProcessMemory or WriteProcessMemory request was completed. (0x12B)
[0604/115816.094:ERROR:process_memory_win.cc(73)] ReadMemory at 0x77d52c6ca0 of 132 bytes failed: Only part of a ReadProcessMemory or WriteProcessMemory request was completed. (0x12B)
[0604/115816.112:ERROR:process_memory_win.cc(73)] ReadMemory at 0x77d52c7040 of 68 bytes failed: Only part of a ReadProcessMemory or WriteProcessMemory request was completed. (0x12B)
[0604/115816.126:ERROR:process_memory_win.cc(73)] ReadMemory at 0x77d52c7090 of 132 bytes failed: Only part of a ReadProcessMemory or WriteProcessMemory request was completed. (0x12B)
[0604/115816.127:ERROR:process_memory_win.cc(73)] ReadMemory at 0x77d52ce520 of 54 bytes failed: Only part of a ReadProcessMemory or WriteProcessMemory request was completed. (0x12B)
[0604/115816.127:ERROR:process_memory_win.cc(73)] ReadMemory at 0x77d52cf0c0 of 154 bytes failed: Only part of a ReadProcessMemory or WriteProcessMemory request was completed. (0x12B)
[0604/115816.285:ERROR:process_memory_win.cc(73)] ReadMemory at 0x77d52cf170 of 132 bytes failed: Only part of a ReadProcessMemory or WriteProcessMemory request was completed. (0x12B)
[0604/115816.504:ERROR:process_memory_win.cc(73)] ReadMemory at 0x77d52cf290 of 132 bytes failed: Only part of a ReadProcessMemory or WriteProcessMemory request was completed. (0x12B)
[0604/115816.505:ERROR:process_memory_win.cc(73)] ReadMemory at 0x77d52d0690 of 132 bytes failed: Only part of a ReadProcessMemory or WriteProcessMemory request was completed. (0x12B)
[0604/115816.506:ERROR:process_memory_win.cc(73)] ReadMemory at 0x77d52d0a40 of 80 bytes failed: Only part of a ReadProcessMemory or WriteProcessMemory request was completed. (0x12B)
[0604/115816.506:ERROR:process_memory_win.cc(73)] ReadMemory at 0x77d52d1630 of 146 bytes failed: Only part of a ReadProcessMemory or WriteProcessMemory request was completed. (0x12B)
[0604/115816.507:ERROR:process_memory_win.cc(73)] ReadMemory at 0x77d52d16f0 of 132 bytes failed: Only part of a ReadProcessMemory or WriteProcessMemory request was completed. (0x12B)
[0604/115816.507:ERROR:process_memory_win.cc(73)] ReadMemory at 0x77d52d2ff0 of 62 bytes failed: Only part of a ReadProcessMemory or WriteProcessMemory request was completed. (0x12B)
[0604/115816.508:ERROR:process_memory_win.cc(73)] ReadMemory at 0x77d52d3040 of 62 bytes failed: Only part of a ReadProcessMemory or WriteProcessMemory request was completed. (0x12B)
[0604/115816.508:ERROR:process_memory_win.cc(73)] ReadMemory at 0x77d52d3090 of 60 bytes failed: Only part of a ReadProcessMemory or WriteProcessMemory request was completed. (0x12B)
[0604/115816.509:ERROR:process_memory_win.cc(73)] ReadMemory at 0x77d52d30e0 of 60 bytes failed: Only part of a ReadProcessMemory or WriteProcessMemory request was completed. (0x12B)
[0604/115816.510:ERROR:process_memory_win.cc(73)] ReadMemory at 0x77d52d3130 of 62 bytes failed: Only part of a ReadProcessMemory or WriteProcessMemory request was completed. (0x12B)
[0604/115816.584:ERROR:process_memory_win.cc(73)] ReadMemory at 0x77d52d3180 of 64 bytes failed: Only part of a ReadProcessMemory or WriteProcessMemory request was completed. (0x12B)
[0604/115816.585:ERROR:process_memory_win.cc(73)] ReadMemory at 0x77d52d31d0 of 62 bytes failed: Only part of a ReadProcessMemory or WriteProcessMemory request was completed. (0x12B)
[0604/115816.586:ERROR:process_memory_win.cc(73)] ReadMemory at 0x77d52d3270 of 64 bytes failed: Only part of a ReadProcessMemory or WriteProcessMemory request was completed. (0x12B)
[0604/115816.586:ERROR:process_memory_win.cc(73)] ReadMemory at 0x77d52d32c0 of 64 bytes failed: Only part of a ReadProcessMemory or WriteProcessMemory request was completed. (0x12B)
[0604/115816.593:ERROR:process_memory_win.cc(73)] ReadMemory at 0x77d52d33b0 of 62 bytes failed: Only part of a ReadProcessMemory or WriteProcessMemory request was completed. (0x12B)
[0604/115816.593:ERROR:process_memory_win.cc(73)] ReadMemory at 0x77d52d3590 of 60 bytes failed: Only part of a ReadProcessMemory or WriteProcessMemory request was completed. (0x12B)
[0604/115816.594:ERROR:process_memory_win.cc(73)] ReadMemory at 0x77d52d3680 of 64 bytes failed: Only part of a ReadProcessMemory or WriteProcessMemory request was completed. (0x12B)
[0604/115816.602:ERROR:process_memory_win.cc(73)] ReadMemory at 0x77d52d36d0 of 58 bytes failed: Only part of a ReadProcessMemory or WriteProcessMemory request was completed. (0x12B)
[0604/115816.723:ERROR:process_memory_win.cc(73)] ReadMemory at 0x77d52d5830 of 132 bytes failed: Only part of a ReadProcessMemory or WriteProcessMemory request was completed. (0x12B)
[0604/115816.724:ERROR:process_memory_win.cc(73)] ReadMemory at 0x77d52d5a70 of 132 bytes failed: Only part of a ReadProcessMemory or WriteProcessMemory request was completed. (0x12B)
[0604/115816.725:ERROR:process_memory_win.cc(73)] ReadMemory at 0x77d52d5b90 of 132 bytes failed: Only part of a ReadProcessMemory or WriteProcessMemory request was completed. (0x12B)
[0604/115816.725:ERROR:process_memory_win.cc(73)] ReadMemory at 0x77d52d5d40 of 132 bytes failed: Only part of a ReadProcessMemory or WriteProcessMemory request was completed. (0x12B)
[0604/115816.726:ERROR:process_memory_win.cc(73)] ReadMemory at 0x77d52d94a0 of 132 bytes failed: Only part of a ReadProcessMemory or WriteProcessMemory request was completed. (0x12B)
[0604/115816.732:ERROR:process_memory_win.cc(73)] ReadMemory at 0x77d52d95c0 of 132 bytes failed: Only part of a ReadProcessMemory or WriteProcessMemory request was completed. (0x12B)
[0604/115816.733:ERROR:process_memory_win.cc(73)] ReadMemory at 0x77d52d96e0 of 132 bytes failed: Only part of a ReadProcessMemory or WriteProcessMemory request was completed. (0x12B)
[0604/115816.733:ERROR:process_memory_win.cc(73)] ReadMemory at 0x77d52daa30 of 132 bytes failed: Only part of a ReadProcessMemory or WriteProcessMemory request was completed. (0x12B)
[0604/115816.734:ERROR:process_memory_win.cc(73)] ReadMemory at 0x77d52dab50 of 132 bytes failed: Only part of a ReadProcessMemory or WriteProcessMemory request was completed. (0x12B)
[0604/115816.734:ERROR:process_memory_win.cc(73)] ReadMemory at 0x77d52dac70 of 132 bytes failed: Only part of a ReadProcessMemory or WriteProcessMemory request was completed. (0x12B)
[0604/115816.735:ERROR:process_memory_win.cc(73)] ReadMemory at 0x77d52dad90 of 132 bytes failed: Only part of a ReadProcessMemory or WriteProcessMemory request was completed. (0x12B)
[0604/115816.735:ERROR:process_memory_win.cc(73)] ReadMemory at 0x77d52daeb0 of 132 bytes failed: Only part of a ReadProcessMemory or WriteProcessMemory request was completed. (0x12B)
[0604/115816.736:ERROR:process_memory_win.cc(73)] ReadMemory at 0x77d52dafd0 of 132 bytes failed: Only part of a ReadProcessMemory or WriteProcessMemory request was completed. (0x12B)
[0604/115816.736:ERROR:process_memory_win.cc(73)] ReadMemory at 0x77d52db0f0 of 132 bytes failed: Only part of a ReadProcessMemory or WriteProcessMemory request was completed. (0x12B)
[0604/115816.737:ERROR:process_memory_win.cc(73)] ReadMemory at 0x77d52db210 of 132 bytes failed: Only part of a ReadProcessMemory or WriteProcessMemory request was completed. (0x12B)
[0604/115816.742:ERROR:process_memory_win.cc(73)] ReadMemory at 0x77d52db330 of 132 bytes failed: Only part of a ReadProcessMemory or WriteProcessMemory request was completed. (0x12B)
[0604/115816.743:ERROR:process_memory_win.cc(73)] ReadMemory at 0x77d52db450 of 132 bytes failed: Only part of a ReadProcessMemory or WriteProcessMemory request was completed. (0x12B)
[0604/115816.743:ERROR:process_memory_win.cc(73)] ReadMemory at 0x77d52db570 of 132 bytes failed: Only part of a ReadProcessMemory or WriteProcessMemory request was completed. (0x12B)
[0604/115816.744:ERROR:process_memory_win.cc(73)] ReadMemory at 0x77d52db690 of 132 bytes failed: Only part of a ReadProcessMemory or WriteProcessMemory request was completed. (0x12B)
[0604/115816.744:ERROR:process_memory_win.cc(73)] ReadMemory at 0x77d52db7b0 of 132 bytes failed: Only part of a ReadProcessMemory or WriteProcessMemory request was completed. (0x12B)
[0604/115816.746:ERROR:process_memory_win.cc(73)] ReadMemory at 0x77d52dbe00 of 80 bytes failed: Only part of a ReadProcessMemory or WriteProcessMemory request was completed. (0x12B)
[0604/115816.750:ERROR:process_memory_win.cc(73)] ReadMemory at 0x77d52dcaa0 of 60 bytes failed: Only part of a ReadProcessMemory or WriteProcessMemory request was completed. (0x12B)
[0604/115816.750:ERROR:process_memory_win.cc(73)] ReadMemory at 0x77d52dcaf0 of 60 bytes failed: Only part of a ReadProcessMemory or WriteProcessMemory request was completed. (0x12B)
[0604/115816.751:ERROR:process_memory_win.cc(73)] ReadMemory at 0x77d52dcb40 of 66 bytes failed: Only part of a ReadProcessMemory or WriteProcessMemory request was completed. (0x12B)
[0604/115816.751:ERROR:process_memory_win.cc(73)] ReadMemory at 0x77d52dce10 of 62 bytes failed: Only part of a ReadProcessMemory or WriteProcessMemory request was completed. (0x12B)
[0604/115816.752:ERROR:process_memory_win.cc(73)] ReadMemory at 0x77d52dceb0 of 62 bytes failed: Only part of a ReadProcessMemory or WriteProcessMemory request was completed. (0x12B)
[0604/115816.752:ERROR:process_memory_win.cc(73)] ReadMemory at 0x77d52dcff0 of 60 bytes failed: Only part of a ReadProcessMemory or WriteProcessMemory request was completed. (0x12B)
[0604/115816.753:ERROR:process_memory_win.cc(73)] ReadMemory at 0x77d52dd270 of 64 bytes failed: Only part of a ReadProcessMemory or WriteProcessMemory request was completed. (0x12B)
[0604/115816.758:ERROR:process_memory_win.cc(73)] ReadMemory at 0x77d52dd310 of 58 bytes failed: Only part of a ReadProcessMemory or WriteProcessMemory request was completed. (0x12B)
[0604/115816.758:ERROR:process_memory_win.cc(73)] ReadMemory at 0x77d52dd360 of 58 bytes failed: Only part of a ReadProcessMemory or WriteProcessMemory request was completed. (0x12B)
[0604/115816.759:ERROR:process_memory_win.cc(73)] ReadMemory at 0x77d52dd400 of 60 bytes failed: Only part of a ReadProcessMemory or WriteProcessMemory request was completed. (0x12B)
[0604/115816.760:ERROR:process_memory_win.cc(73)] ReadMemory at 0x77d52dd450 of 58 bytes failed: Only part of a ReadProcessMemory or WriteProcessMemory request was completed. (0x12B)
[0604/115816.760:ERROR:process_memory_win.cc(73)] ReadMemory at 0x77d52dd720 of 64 bytes failed: Only part of a ReadProcessMemory or WriteProcessMemory request was completed. (0x12B)
[0604/115816.761:ERROR:process_memory_win.cc(73)] ReadMemory at 0x77d52dd7c0 of 64 bytes failed: Only part of a ReadProcessMemory or WriteProcessMemory request was completed. (0x12B)
[0604/115816.761:ERROR:process_memory_win.cc(73)] ReadMemory at 0x77d52dd810 of 62 bytes failed: Only part of a ReadProcessMemory or WriteProcessMemory request was completed. (0x12B)
[0604/115816.769:ERROR:process_memory_win.cc(73)] ReadMemory at 0x77d52dd860 of 58 bytes failed: Only part of a ReadProcessMemory or WriteProcessMemory request was completed. (0x12B)
[0604/115816.770:ERROR:process_memory_win.cc(73)] ReadMemory at 0x77d52dd8b0 of 62 bytes failed: Only part of a ReadProcessMemory or WriteProcessMemory request was completed. (0x12B)
[0604/115816.770:ERROR:process_memory_win.cc(73)] ReadMemory at 0x77d52dd950 of 60 bytes failed: Only part of a ReadProcessMemory or WriteProcessMemory request was completed. (0x12B)
[0604/115816.771:ERROR:process_memory_win.cc(73)] ReadMemory at 0x77d52dd9a0 of 62 bytes failed: Only part of a ReadProcessMemory or WriteProcessMemory request was completed. (0x12B)
[0604/115816.772:ERROR:process_memory_win.cc(73)] ReadMemory at 0x77d52de040 of 132 bytes failed: Only part of a ReadProcessMemory or WriteProcessMemory request was completed. (0x12B)
[0604/115816.772:ERROR:process_memory_win.cc(73)] ReadMemory at 0x77d52de160 of 132 bytes failed: Only part of a ReadProcessMemory or WriteProcessMemory request was completed. (0x12B)
[0604/115816.777:ERROR:process_memory_win.cc(73)] ReadMemory at 0x77d52de280 of 132 bytes failed: Only part of a ReadProcessMemory or WriteProcessMemory request was completed. (0x12B)
[0604/115816.777:ERROR:process_memory_win.cc(73)] ReadMemory at 0x77d52de3a0 of 132 bytes failed: Only part of a ReadProcessMemory or WriteProcessMemory request was completed. (0x12B)
[0604/115816.778:ERROR:process_memory_win.cc(73)] ReadMemory at 0x77d52de5e0 of 132 bytes failed: Only part of a ReadProcessMemory or WriteProcessMemory request was completed. (0x12B)
[0604/115816.778:ERROR:process_memory_win.cc(73)] ReadMemory at 0x77d52de820 of 132 bytes failed: Only part of a ReadProcessMemory or WriteProcessMemory request was completed. (0x12B)
[0604/115816.779:ERROR:process_memory_win.cc(73)] ReadMemory at 0x77d52deb80 of 132 bytes failed: Only part of a ReadProcessMemory or WriteProcessMemory request was completed. (0x12B)
[0604/115816.779:ERROR:process_memory_win.cc(73)] ReadMemory at 0x77d52deca0 of 132 bytes failed: Only part of a ReadProcessMemory or WriteProcessMemory request was completed. (0x12B)
[0604/115816.780:ERROR:process_memory_win.cc(73)] ReadMemory at 0x77d52df480 of 132 bytes failed: Only part of a ReadProcessMemory or WriteProcessMemory request was completed. (0x12B)
[0604/115816.780:ERROR:process_memory_win.cc(73)] ReadMemory at 0x77d52df5a0 of 132 bytes failed: Only part of a ReadProcessMemory or WriteProcessMemory request was completed. (0x12B)
[0604/115816.781:ERROR:process_memory_win.cc(73)] ReadMemory at 0x77d52df7e0 of 132 bytes failed: Only part of a ReadProcessMemory or WriteProcessMemory request was completed. (0x12B)
[0604/115816.781:ERROR:process_memory_win.cc(73)] ReadMemory at 0x77d52df900 of 132 bytes failed: Only part of a ReadProcessMemory or WriteProcessMemory request was completed. (0x12B)
[0604/115816.782:ERROR:process_memory_win.cc(73)] ReadMemory at 0x77d52dfb40 of 132 bytes failed: Only part of a ReadProcessMemory or WriteProcessMemory request was completed. (0x12B)
[0604/115816.782:ERROR:process_memory_win.cc(73)] ReadMemory at 0x77d52e7e50 of 66 bytes failed: Only part of a ReadProcessMemory or WriteProcessMemory request was completed. (0x12B)
[0604/115816.783:ERROR:process_memory_win.cc(73)] ReadMemory at 0x77d52ece90 of 896 bytes failed: Only part of a ReadProcessMemory or WriteProcessMemory request was completed. (0x12B)
[0604/115816.799:ERROR:process_memory_win.cc(73)] ReadMemory at 0x77d52f10a0 of 512 bytes failed: Only part of a ReadProcessMemory or WriteProcessMemory request was completed. (0x12B)
[0604/115816.799:ERROR:process_memory_win.cc(73)] ReadMemory at 0x77d54f0c70 of 512 bytes failed: Only part of a ReadProcessMemory or WriteProcessMemory request was completed. (0x12B)
[0604/115816.800:ERROR:process_memory_win.cc(73)] ReadMemory at 0x77d807943c of 512 bytes failed: Only part of a ReadProcessMemory or WriteProcessMemory request was completed. (0x12B)
[0604/115816.800:ERROR:process_memory_win.cc(73)] ReadMemory at 0x77d9d93477 of 512 bytes failed: Only part of a ReadProcessMemory or WriteProcessMemory request was completed. (0x12B)
[0604/115816.801:ERROR:process_memory_win.cc(73)] ReadMemory at 0x77dc1aa20b of 512 bytes failed: Only part of a ReadProcessMemory or WriteProcessMemory request was completed. (0x12B)
[0604/115816.802:ERROR:process_memory_win.cc(73)] ReadMemory at 0x77dd819140 of 512 bytes failed: Only part of a ReadProcessMemory or WriteProcessMemory request was completed. (0x12B)
[0604/115816.802:ERROR:process_memory_win.cc(73)] ReadMemory at 0x77dd825300 of 512 bytes failed: Only part of a ReadProcessMemory or WriteProcessMemory request was completed. (0x12B)
[0604/115816.803:ERROR:process_memory_win.cc(73)] ReadMemory at 0x77dd844f90 of 712 bytes failed: Only part of a ReadProcessMemory or WriteProcessMemory request was completed. (0x12B)
[0604/115816.804:ERROR:process_memory_win.cc(73)] ReadMemory at 0x77dd846c40 of 512 bytes failed: Only part of a ReadProcessMemory or WriteProcessMemory request was completed. (0x12B)
[0604/115816.804:ERROR:process_memory_win.cc(73)] ReadMemory at 0x77dd85c990 of 512 bytes failed: Only part of a ReadProcessMemory or WriteProcessMemory request was completed. (0x12B)
[0604/115816.805:ERROR:process_memory_win.cc(73)] ReadMemory at 0x77e1df9a30 of 512 bytes failed: Only part of a ReadProcessMemory or WriteProcessMemory request was completed. (0x12B)
[0604/115816.805:ERROR:process_memory_win.cc(73)] ReadMemory at 0x77e1e2ceb0 of 512 bytes failed: Only part of a ReadProcessMemory or WriteProcessMemory request was completed. (0x12B)
[0604/115816.922:ERROR:process_memory_win.cc(73)] ReadMemory at 0x77e1e43650 of 512 bytes failed: Only part of a ReadProcessMemory or WriteProcessMemory request was completed. (0x12B)
[0604/115816.923:ERROR:process_memory_win.cc(73)] ReadMemory at 0x77e4d68010 of 512 bytes failed: Only part of a ReadProcessMemory or WriteProcessMemory request was completed. (0x12B)
[0604/115816.923:ERROR:process_memory_win.cc(73)] ReadMemory at 0x77e4de8730 of 512 bytes failed: Only part of a ReadProcessMemory or WriteProcessMemory request was completed. (0x12B)
[0604/115816.937:ERROR:process_memory_win.cc(73)] ReadMemory at 0x77e5180940 of 512 bytes failed: Only part of a ReadProcessMemory or WriteProcessMemory request was completed. (0x12B)
[0604/115817.050:ERROR:process_memory_win.cc(73)] ReadMemory at 0x77e5210610 of 512 bytes failed: Only part of a ReadProcessMemory or WriteProcessMemory request was completed. (0x12B)
[0604/115817.051:ERROR:process_memory_win.cc(73)] ReadMemory at 0x77e5464a40 of 512 bytes failed: Only part of a ReadProcessMemory or WriteProcessMemory request was completed. (0x12B)
[0604/115817.052:ERROR:process_memory_win.cc(73)] ReadMemory at 0x77e574c670 of 512 bytes failed: Only part of a ReadProcessMemory or WriteProcessMemory request was completed. (0x12B)
[0604/115817.052:ERROR:process_memory_win.cc(73)] ReadMemory at 0x77e907bb40 of 512 bytes failed: Only part of a ReadProcessMemory or WriteProcessMemory request was completed. (0x12B)
[0604/115817.052:ERROR:process_memory_win.cc(73)] ReadMemory at 0x24950804028d of 512 bytes failed: Only part of a ReadProcessMemory or WriteProcessMemory request was completed. (0x12B)
[0604/115817.053:ERROR:process_memory_win.cc(73)] ReadMemory at 0x3d4d9b604020 of 512 bytes failed: Only part of a ReadProcessMemory or WriteProcessMemory request was completed. (0x12B)
[0604/115817.053:ERROR:process_memory_win.cc(73)] ReadMemory at 0x3d4d9b728db8 of 512 bytes failed: Only part of a ReadProcessMemory or WriteProcessMemory request was completed. (0x12B)
[0604/115817.054:ERROR:process_memory_win.cc(73)] ReadMemory at 0x3d4d9b916750 of 512 bytes failed: Only part of a ReadProcessMemory or WriteProcessMemory request was completed. (0x12B)
[0604/115817.054:ERROR:process_memory_win.cc(73)] ReadMemory at 0x734553204000 of 384 bytes failed: Only part of a ReadProcessMemory or WriteProcessMemory request was completed. (0x12B)
[0604/115817.055:ERROR:process_memory_win.cc(73)] ReadMemory at 0x734553207f80 of 512 bytes failed: Only part of a ReadProcessMemory or WriteProcessMemory request was completed. (0x12B)
[0604/115817.055:ERROR:process_memory_win.cc(73)] ReadMemory at 0x7ff7f40dc000 of 6024 bytes failed: Only part of a ReadProcessMemory or WriteProcessMemory request was completed. (0x12B)
[0604/115817.074:ERROR:process_memory_win.cc(73)] ReadMemory at 0x7ff7f40de000 of 6024 bytes failed: Only part of a ReadProcessMemory or WriteProcessMemory request was completed. (0x12B)
[0604/115817.075:ERROR:process_memory_win.cc(73)] ReadMemory at 0x7ff7f40e0000 of 6024 bytes failed: Only part of a ReadProcessMemory or WriteProcessMemory request was completed. (0x12B)
[0604/115817.076:ERROR:process_memory_win.cc(73)] ReadMemory at 0x7ff7f40e2000 of 6024 bytes failed: Only part of a ReadProcessMemory or WriteProcessMemory request was completed. (0x12B)
[0604/115817.076:ERROR:process_memory_win.cc(73)] ReadMemory at 0x7ff7f40e4000 of 6024 bytes failed: Only part of a ReadProcessMemory or WriteProcessMemory request was completed. (0x12B)
[0604/115817.077:ERROR:process_memory_win.cc(73)] ReadMemory at 0x7ff7f40e6000 of 6024 bytes failed: Only part of a ReadProcessMemory or WriteProcessMemory request was completed. (0x12B)
[0604/115817.078:ERROR:process_memory_win.cc(73)] ReadMemory at 0x7ff7f40e8000 of 6024 bytes failed: Only part of a ReadProcessMemory or WriteProcessMemory request was completed. (0x12B)
[0604/115817.079:ERROR:process_memory_win.cc(73)] ReadMemory at 0x7ff7f40ea000 of 6024 bytes failed: Only part of a ReadProcessMemory or WriteProcessMemory request was completed. (0x12B)
[0604/115817.080:ERROR:process_memory_win.cc(73)] ReadMemory at 0x7ff7f40ec000 of 6024 bytes failed: Only part of a ReadProcessMemory or WriteProcessMemory request was completed. (0x12B)
[0604/115817.081:ERROR:process_memory_win.cc(73)] ReadMemory at 0x7ff7f40ee000 of 6024 bytes failed: Only part of a ReadProcessMemory or WriteProcessMemory request was completed. (0x12B)
[0604/115817.082:ERROR:process_memory_win.cc(73)] ReadMemory at 0x7ff7f4213000 of 6024 bytes failed: Only part of a ReadProcessMemory or WriteProcessMemory request was completed. (0x12B)
[0604/115817.082:ERROR:process_memory_win.cc(73)] ReadMemory at 0x7ff7f4215000 of 6024 bytes failed: Only part of a ReadProcessMemory or WriteProcessMemory request was completed. (0x12B)
[0604/115817.083:ERROR:process_memory_win.cc(73)] ReadMemory at 0x7ff7f4217000 of 852 bytes failed: Only part of a ReadProcessMemory or WriteProcessMemory request was completed. (0x12B)
[0604/115817.083:ERROR:process_memory_win.cc(73)] ReadMemory at 0x7ff7f4218000 of 6024 bytes failed: Only part of a ReadProcessMemory or WriteProcessMemory request was completed. (0x12B)
[0604/115817.084:ERROR:process_memory_win.cc(73)] ReadMemory at 0x7ff7f421a000 of 6024 bytes failed: Only part of a ReadProcessMemory or WriteProcessMemory request was completed. (0x12B)
[0604/115817.085:ERROR:process_memory_win.cc(73)] ReadMemory at 0x7ff7f421c000 of 6024 bytes failed: Only part of a ReadProcessMemory or WriteProcessMemory request was completed. (0x12B)
[0604/115817.085:ERROR:process_memory_win.cc(73)] ReadMemory at 0x7ff7f421e000 of 6024 bytes failed: Only part of a ReadProcessMemory or WriteProcessMemory request was completed. (0x12B)
[0604/115817.086:ERROR:process_memory_win.cc(73)] ReadMemory at 0x7ffdcea97a55 of 512 bytes failed: Only part of a ReadProcessMemory or WriteProcessMemory request was completed. (0x12B)
[0604/115817.086:ERROR:process_memory_win.cc(73)] ReadMemory at 0x7ffdcea98245 of 512 bytes failed: Only part of a ReadProcessMemory or WriteProcessMemory request was completed. (0x12B)
[0604/115817.087:ERROR:process_memory_win.cc(73)] ReadMemory at 0x7ffdf4c05750 of 512 bytes failed: Only part of a ReadProcessMemory or WriteProcessMemory request was completed. (0x12B)
[0604/115817.087:ERROR:process_memory_win.cc(73)] ReadMemory at 0x7ffdf4c095e0 of 18 bytes failed: Only part of a ReadProcessMemory or WriteProcessMemory request was completed. (0x12B)
[0604/115817.171:ERROR:process_memory_win.cc(73)] ReadMemory at 0x7ffdf4c1c4f0 of 512 bytes failed: Only part of a ReadProcessMemory or WriteProcessMemory request was completed. (0x12B)
[0604/115817.172:ERROR:process_memory_win.cc(73)] ReadMemory at 0x7ffdf4c3acd0 of 512 bytes failed: Only part of a ReadProcessMemory or WriteProcessMemory request was completed. (0x12B)
[0604/115817.230:ERROR:process_memory_win.cc(73)] ReadMemory at 0x7ffdf4c9071a of 592 bytes failed: Only part of a ReadProcessMemory or WriteProcessMemory request was completed. (0x12B)
[0604/115817.231:ERROR:process_memory_win.cc(73)] ReadMemory at 0x7ffdf4c9219a of 560 bytes failed: Only part of a ReadProcessMemory or WriteProcessMemory request was completed. (0x12B)
[0604/115817.232:ERROR:process_memory_win.cc(73)] ReadMemory at 0x7ffdf4d2e8a8 of 40 bytes failed: Only part of a ReadProcessMemory or WriteProcessMemory request was completed. (0x12B)
[0604/115817.232:ERROR:process_memory_win.cc(73)] ReadMemory at 0x7ffdf4d2ebe0 of 48 bytes failed: Only part of a ReadProcessMemory or WriteProcessMemory request was completed. (0x12B)
[0604/115817.243:ERROR:process_memory_win.cc(73)] ReadMemory at 0x7ffdf4d31320 of 64 bytes failed: Only part of a ReadProcessMemory or WriteProcessMemory request was completed. (0x12B)
[0604/115818.333:ERROR:scoped_process_suspend.cc(40)] NtResumeProcess: An attempt was made to access an exiting process. (0xc000010a)
[0604/115826.139:ERROR:http_transport_win.cc(276)] WinHttpSendRequest: The operation completed successfully. (0x0)
[0606/202017.208:ERROR:scoped_process_suspend.cc(40)] NtResumeProcess: An attempt was made to access an exiting process. (0xc000010a)
[0606/202021.070:ERROR:http_transport_win.cc(276)] WinHttpSendRequest: The operation completed successfully. (0x0)
[0709/223601.249:ERROR:process_reader_win.cc(123)] NtOpenThread: {Access Denied} A process has requested access to an object, but has not been granted those access rights. (0xc0000022)
[0709/223601.610:ERROR:exception_snapshot_win.cc(98)] thread ID 4208 not found in process
